<?xml version="1.0" encoding="UTF-8"?>
<testng-results ignored="0" total="1" passed="1" failed="0" skipped="0">
  <reporter-output>
  </reporter-output>
  <suite started-at="2025-02-19T01:06:04 EST" name="Default suite" finished-at="2025-02-19T01:06:10 EST" duration-ms="5436">
    <groups>
      <group name="cucumber">
        <method signature="AbstractTestNGCucumberTests.runScenario(io.cucumber.testng.PickleWrapper,io.cucumber.testng.FeatureWrapper)[pri:0, instance:lms.Runner.TestRunner$TestNGTestRunner@2f9f7dcf]" name="runScenario" class="io.cucumber.testng.AbstractTestNGCucumberTests"/>
      </group> <!-- cucumber -->
    </groups>
    <test started-at="2025-02-19T01:06:04 EST" name="Default test" finished-at="2025-02-19T01:06:10 EST" duration-ms="5436">
      <class name="lms.Runner.TestRunner$TestNGTestRunner">
        <test-method is-config="true" signature="setUpClass(org.testng.ITestContext)[pri:0, instance:lms.Runner.TestRunner$TestNGTestRunner@2f9f7dcf]" started-at="2025-02-19T01:06:04 EST" name="setUpClass" finished-at="2025-02-19T01:06:05 EST" duration-ms="385" status="PASS">
          <params>
            <param index="0">
              <value>
                <![CDATA[org.testng.TestRunner@18245eb0]]>
              </value>
            </param>
          </params>
          <reporter-output>
          </reporter-output>
        </test-method> <!-- setUpClass -->
        <test-method signature="runScenario(io.cucumber.testng.PickleWrapper,io.cucumber.testng.FeatureWrapper)[pri:0, instance:lms.Runner.TestRunner$TestNGTestRunner@2f9f7dcf]" started-at="2025-02-19T01:06:05 EST" name="runScenario" description="Runs Cucumber Scenarios" data-provider="scenarios" finished-at="2025-02-19T01:06:10 EST" duration-ms="4941" status="PASS">
          <params>
            <param index="0">
              <value>
                <![CDATA["Validate login with valid credentials"]]>
              </value>
            </param>
            <param index="1">
              <value>
                <![CDATA["Login Page Validation"]]>
              </value>
            </param>
          </params>
          <reporter-output>
          </reporter-output>
        </test-method> <!-- runScenario -->
        <test-method is-config="true" signature="tearDownClass()[pri:0, instance:lms.Runner.TestRunner$TestNGTestRunner@2f9f7dcf]" started-at="2025-02-19T01:06:10 EST" name="tearDownClass" finished-at="2025-02-19T01:06:10 EST" duration-ms="68" status="PASS">
          <reporter-output>
          </reporter-output>
        </test-method> <!-- tearDownClass -->
      </class> <!-- lms.Runner.TestRunner$TestNGTestRunner -->
    </test> <!-- Default test -->
  </suite> <!-- Default suite -->
</testng-results>
