<?xml version="1.0" encoding="UTF-8"?>
<testng-results ignored="0" total="286" passed="232" failed="54" skipped="0">
  <reporter-output>
  </reporter-output>
  <suite started-at="2025-02-24T21:47:41 EST" name="Suite" finished-at="2025-02-24T22:04:54 EST" duration-ms="1032908">
    <groups>
      <group name="cucumber">
        <method signature="AbstractTestNGCucumberTests.runScenario(io.cucumber.testng.PickleWrapper,io.cucumber.testng.FeatureWrapper)[pri:0, instance:lms.Runner.TestRunner$TestNGTestRunner@30f842ca]" name="runScenario" class="io.cucumber.testng.AbstractTestNGCucumberTests"/>
        <method signature="AbstractTestNGCucumberTests.runScenario(io.cucumber.testng.PickleWrapper,io.cucumber.testng.FeatureWrapper)[pri:0, instance:lms.Runner.TestRunner$TestNGTestRunner@14bdbc74]" name="runScenario" class="io.cucumber.testng.AbstractTestNGCucumberTests"/>
      </group> <!-- cucumber -->
    </groups>
    <test started-at="2025-02-24T21:47:41 EST" name="Testfirefox" finished-at="2025-02-24T22:04:13 EST" duration-ms="991348">
      <class name="lms.Runner.TestRunner$TestNGTestRunner">
        <test-method is-config="true" signature="defineBrowser(java.lang.String)[pri:0, instance:lms.Runner.TestRunner$TestNGTestRunner@14bdbc74]" started-at="2025-02-24T21:47:41 EST" name="defineBrowser" finished-at="2025-02-24T21:47:41 EST" duration-ms="17" status="PASS">
          <params>
            <param index="0">
              <value>
                <![CDATA[firefox]]>
              </value>
            </param>
          </params>
          <reporter-output>
          </reporter-output>
        </test-method> <!-- defineBrowser -->
        <test-method is-config="true" signature="setUpClass(org.testng.ITestContext)[pri:0, instance:lms.Runner.TestRunner$TestNGTestRunner@14bdbc74]" started-at="2025-02-24T21:47:42 EST" name="setUpClass" finished-at="2025-02-24T21:47:42 EST" duration-ms="583" status="PASS">
          <params>
            <param index="0">
              <value>
                <![CDATA[org.testng.TestRunner@e25951c]]>
              </value>
            </param>
          </params>
          <reporter-output>
          </reporter-output>
        </test-method> <!-- setUpClass -->
        <test-method signature="runScenario(io.cucumber.testng.PickleWrapper,io.cucumber.testng.FeatureWrapper)[pri:0, instance:lms.Runner.TestRunner$TestNGTestRunner@14bdbc74]" started-at="2025-02-24T21:47:42 EST" name="runScenario" description="Runs Cucumber Scenarios" data-provider="scenarios" finished-at="2025-02-24T21:47:49 EST" duration-ms="6604" status="PASS">
          <params>
            <param index="0">
              <value>
                <![CDATA["Verify Admin is able to land on login page"]]>
              </value>
            </param>
            <param index="1">
              <value>
                <![CDATA["Login Page Validation"]]>
              </value>
            </param>
          </params>
          <reporter-output>
          </reporter-output>
        </test-method> <!-- runScenario -->
        <test-method signature="runScenario(io.cucumber.testng.PickleWrapper,io.cucumber.testng.FeatureWrapper)[pri:0, instance:lms.Runner.TestRunner$TestNGTestRunner@14bdbc74]" started-at="2025-02-24T21:47:49 EST" name="runScenario" description="Runs Cucumber Scenarios" data-provider="scenarios" finished-at="2025-02-24T21:47:54 EST" duration-ms="4855" status="PASS">
          <params>
            <param index="0">
              <value>
                <![CDATA["Verify Admin is able to land on home page with invalid URL"]]>
              </value>
            </param>
            <param index="1">
              <value>
                <![CDATA["Login Page Validation"]]>
              </value>
            </param>
          </params>
          <reporter-output>
          </reporter-output>
        </test-method> <!-- runScenario -->
        <test-method signature="runScenario(io.cucumber.testng.PickleWrapper,io.cucumber.testng.FeatureWrapper)[pri:0, instance:lms.Runner.TestRunner$TestNGTestRunner@14bdbc74]" started-at="2025-02-24T21:47:54 EST" name="runScenario" description="Runs Cucumber Scenarios" data-provider="scenarios" finished-at="2025-02-24T21:47:58 EST" duration-ms="4616" status="PASS">
          <params>
            <param index="0">
              <value>
                <![CDATA["Verify for broken link"]]>
              </value>
            </param>
            <param index="1">
              <value>
                <![CDATA["Login Page Validation"]]>
              </value>
            </param>
          </params>
          <reporter-output>
          </reporter-output>
        </test-method> <!-- runScenario -->
        <test-method signature="runScenario(io.cucumber.testng.PickleWrapper,io.cucumber.testng.FeatureWrapper)[pri:0, instance:lms.Runner.TestRunner$TestNGTestRunner@14bdbc74]" started-at="2025-02-24T21:47:58 EST" name="runScenario" description="Runs Cucumber Scenarios" data-provider="scenarios" finished-at="2025-02-24T21:48:03 EST" duration-ms="4250" status="PASS">
          <params>
            <param index="0">
              <value>
                <![CDATA["Verify the text spelling in the page"]]>
              </value>
            </param>
            <param index="1">
              <value>
                <![CDATA["Login Page Validation"]]>
              </value>
            </param>
          </params>
          <reporter-output>
          </reporter-output>
        </test-method> <!-- runScenario -->
        <test-method signature="runScenario(io.cucumber.testng.PickleWrapper,io.cucumber.testng.FeatureWrapper)[pri:0, instance:lms.Runner.TestRunner$TestNGTestRunner@14bdbc74]" started-at="2025-02-24T21:48:03 EST" name="runScenario" description="Runs Cucumber Scenarios" data-provider="scenarios" finished-at="2025-02-24T21:48:07 EST" duration-ms="4425" status="PASS">
          <params>
            <param index="0">
              <value>
                <![CDATA["Verify application name"]]>
              </value>
            </param>
            <param index="1">
              <value>
                <![CDATA["Login Page Validation"]]>
              </value>
            </param>
          </params>
          <reporter-output>
          </reporter-output>
        </test-method> <!-- runScenario -->
        <test-method signature="runScenario(io.cucumber.testng.PickleWrapper,io.cucumber.testng.FeatureWrapper)[pri:0, instance:lms.Runner.TestRunner$TestNGTestRunner@14bdbc74]" started-at="2025-02-24T21:48:07 EST" name="runScenario" description="Runs Cucumber Scenarios" data-provider="scenarios" finished-at="2025-02-24T21:48:11 EST" duration-ms="3839" status="PASS">
          <params>
            <param index="0">
              <value>
                <![CDATA["Verify company name"]]>
              </value>
            </param>
            <param index="1">
              <value>
                <![CDATA["Login Page Validation"]]>
              </value>
            </param>
          </params>
          <reporter-output>
          </reporter-output>
        </test-method> <!-- runScenario -->
        <test-method signature="runScenario(io.cucumber.testng.PickleWrapper,io.cucumber.testng.FeatureWrapper)[pri:0, instance:lms.Runner.TestRunner$TestNGTestRunner@14bdbc74]" started-at="2025-02-24T21:48:11 EST" name="runScenario" description="Runs Cucumber Scenarios" data-provider="scenarios" finished-at="2025-02-24T21:48:16 EST" duration-ms="5002" status="PASS">
          <params>
            <param index="0">
              <value>
                <![CDATA["Validate sign in content"]]>
              </value>
            </param>
            <param index="1">
              <value>
                <![CDATA["Login Page Validation"]]>
              </value>
            </param>
          </params>
          <reporter-output>
          </reporter-output>
        </test-method> <!-- runScenario -->
        <test-method signature="runScenario(io.cucumber.testng.PickleWrapper,io.cucumber.testng.FeatureWrapper)[pri:0, instance:lms.Runner.TestRunner$TestNGTestRunner@14bdbc74]" started-at="2025-02-24T21:48:16 EST" name="runScenario" description="Runs Cucumber Scenarios" data-provider="scenarios" finished-at="2025-02-24T21:48:22 EST" duration-ms="6087" status="PASS">
          <params>
            <param index="0">
              <value>
                <![CDATA["Verify text field is present"]]>
              </value>
            </param>
            <param index="1">
              <value>
                <![CDATA["Login Page Validation"]]>
              </value>
            </param>
          </params>
          <reporter-output>
          </reporter-output>
        </test-method> <!-- runScenario -->
        <test-method signature="runScenario(io.cucumber.testng.PickleWrapper,io.cucumber.testng.FeatureWrapper)[pri:0, instance:lms.Runner.TestRunner$TestNGTestRunner@14bdbc74]" started-at="2025-02-24T21:48:22 EST" name="runScenario" description="Runs Cucumber Scenarios" data-provider="scenarios" finished-at="2025-02-24T21:48:26 EST" duration-ms="4132" status="PASS">
          <params>
            <param index="0">
              <value>
                <![CDATA["Verify text on the first field"]]>
              </value>
            </param>
            <param index="1">
              <value>
                <![CDATA["Login Page Validation"]]>
              </value>
            </param>
          </params>
          <reporter-output>
          </reporter-output>
        </test-method> <!-- runScenario -->
        <test-method signature="runScenario(io.cucumber.testng.PickleWrapper,io.cucumber.testng.FeatureWrapper)[pri:0, instance:lms.Runner.TestRunner$TestNGTestRunner@14bdbc74]" started-at="2025-02-24T21:48:26 EST" name="runScenario" description="Runs Cucumber Scenarios" data-provider="scenarios" finished-at="2025-02-24T21:48:30 EST" duration-ms="4064" status="PASS">
          <params>
            <param index="0">
              <value>
                <![CDATA["Verify dropdown is present"]]>
              </value>
            </param>
            <param index="1">
              <value>
                <![CDATA["Login Page Validation"]]>
              </value>
            </param>
          </params>
          <reporter-output>
          </reporter-output>
        </test-method> <!-- runScenario -->
        <test-method signature="runScenario(io.cucumber.testng.PickleWrapper,io.cucumber.testng.FeatureWrapper)[pri:0, instance:lms.Runner.TestRunner$TestNGTestRunner@14bdbc74]" started-at="2025-02-24T21:48:30 EST" name="runScenario" description="Runs Cucumber Scenarios" data-provider="scenarios" finished-at="2025-02-24T21:48:34 EST" duration-ms="3926" status="PASS">
          <params>
            <param index="0">
              <value>
                <![CDATA["Verify asterisk next to USER text"]]>
              </value>
            </param>
            <param index="1">
              <value>
                <![CDATA["Login Page Validation"]]>
              </value>
            </param>
          </params>
          <reporter-output>
          </reporter-output>
        </test-method> <!-- runScenario -->
        <test-method signature="runScenario(io.cucumber.testng.PickleWrapper,io.cucumber.testng.FeatureWrapper)[pri:0, instance:lms.Runner.TestRunner$TestNGTestRunner@14bdbc74]" started-at="2025-02-24T21:48:34 EST" name="runScenario" description="Runs Cucumber Scenarios" data-provider="scenarios" finished-at="2025-02-24T21:48:38 EST" duration-ms="4054" status="PASS">
          <params>
            <param index="0">
              <value>
                <![CDATA["Verify text on the second field"]]>
              </value>
            </param>
            <param index="1">
              <value>
                <![CDATA["Login Page Validation"]]>
              </value>
            </param>
          </params>
          <reporter-output>
          </reporter-output>
        </test-method> <!-- runScenario -->
        <test-method signature="runScenario(io.cucumber.testng.PickleWrapper,io.cucumber.testng.FeatureWrapper)[pri:0, instance:lms.Runner.TestRunner$TestNGTestRunner@14bdbc74]" started-at="2025-02-24T21:48:38 EST" name="runScenario" description="Runs Cucumber Scenarios" data-provider="scenarios" finished-at="2025-02-24T21:48:42 EST" duration-ms="4265" status="PASS">
          <params>
            <param index="0">
              <value>
                <![CDATA["Verify asterisk mark symbol next to password text"]]>
              </value>
            </param>
            <param index="1">
              <value>
                <![CDATA["Login Page Validation"]]>
              </value>
            </param>
          </params>
          <reporter-output>
          </reporter-output>
        </test-method> <!-- runScenario -->
        <test-method signature="runScenario(io.cucumber.testng.PickleWrapper,io.cucumber.testng.FeatureWrapper)[pri:0, instance:lms.Runner.TestRunner$TestNGTestRunner@14bdbc74]" started-at="2025-02-24T21:48:42 EST" name="runScenario" description="Runs Cucumber Scenarios" data-provider="scenarios" finished-at="2025-02-24T21:48:47 EST" duration-ms="4289" status="PASS">
          <params>
            <param index="0">
              <value>
                <![CDATA["Verify placeholder in dropdown to select role"]]>
              </value>
            </param>
            <param index="1">
              <value>
                <![CDATA["Login Page Validation"]]>
              </value>
            </param>
          </params>
          <reporter-output>
          </reporter-output>
        </test-method> <!-- runScenario -->
        <test-method signature="runScenario(io.cucumber.testng.PickleWrapper,io.cucumber.testng.FeatureWrapper)[pri:0, instance:lms.Runner.TestRunner$TestNGTestRunner@14bdbc74]" started-at="2025-02-24T21:48:47 EST" name="runScenario" description="Runs Cucumber Scenarios" data-provider="scenarios" finished-at="2025-02-24T21:48:52 EST" duration-ms="5716" status="FAIL">
          <params>
            <param index="0">
              <value>
                <![CDATA["Verify dropdown option to select role"]]>
              </value>
            </param>
            <param index="1">
              <value>
                <![CDATA["Login Page Validation"]]>
              </value>
            </param>
          </params>
          <exception class="org.openqa.selenium.StaleElementReferenceException">
            <message>
              <![CDATA[stale element reference: stale element not found in the current frame
  (Session info: chrome=133.0.6943.127)
For documentation on this error, please visit: https://www.selenium.dev/documentation/webdriver/troubleshooting/errors#stale-element-reference-exception
Build info: version: '4.28.1', revision: '73f5ad48a2'
System info: os.name: 'Mac OS X', os.arch: 'x86_64', os.version: '15.1.1', java.version: '19.0.1'
Driver info: org.openqa.selenium.chrome.ChromeDriver
Command: [5b28153f68c1789b3472e3f5aa6cd392, getElementText {id=f.EFCECF9E67BEF75646D852D29538E730.d.0692E8AE3900AEE54F98B9763E629473.e.33}]
Capabilities {acceptInsecureCerts: false, browserName: chrome, browserVersion: 133.0.6943.127, chrome: {chromedriverVersion: 133.0.6943.126 (cffa127ce7b..., userDataDir: /var/folders/9x/bfy4ys6j4vn...}, fedcm:accounts: true, goog:chromeOptions: {debuggerAddress: localhost:55700}, networkConnectionEnabled: false, pageLoadStrategy: normal, platformName: mac, proxy: Proxy(), se:cdp: ws://localhost:55700/devtoo..., se:cdpVersion: 133.0.6943.127, setWindowRect: true, strictFileInteractability: false, timeouts: {implicit: 0, pageLoad: 300000, script: 30000}, unhandledPromptBehavior: dismiss and notify, webauthn:extension:credBlob: true, webauthn:extension:largeBlob: true, webauthn:extension:minPinLength: true, webauthn:extension:prf: true, webauthn:virtualAuthenticators: true}
Element: [[ChromeDriver: chrome on mac (5b28153f68c1789b3472e3f5aa6cd392)] -> xpath: //span[text()=' Student ']]
Session ID: 5b28153f68c1789b3472e3f5aa6cd392]]>
            </message>
            <full-stacktrace>
              <![CDATA[org.openqa.selenium.StaleElementReferenceException: stale element reference: stale element not found in the current frame
  (Session info: chrome=133.0.6943.127)
For documentation on this error, please visit: https://www.selenium.dev/documentation/webdriver/troubleshooting/errors#stale-element-reference-exception
Build info: version: '4.28.1', revision: '73f5ad48a2'
System info: os.name: 'Mac OS X', os.arch: 'x86_64', os.version: '15.1.1', java.version: '19.0.1'
Driver info: org.openqa.selenium.chrome.ChromeDriver
Command: [5b28153f68c1789b3472e3f5aa6cd392, getElementText {id=f.EFCECF9E67BEF75646D852D29538E730.d.0692E8AE3900AEE54F98B9763E629473.e.33}]
Capabilities {acceptInsecureCerts: false, browserName: chrome, browserVersion: 133.0.6943.127, chrome: {chromedriverVersion: 133.0.6943.126 (cffa127ce7b..., userDataDir: /var/folders/9x/bfy4ys6j4vn...}, fedcm:accounts: true, goog:chromeOptions: {debuggerAddress: localhost:55700}, networkConnectionEnabled: false, pageLoadStrategy: normal, platformName: mac, proxy: Proxy(), se:cdp: ws://localhost:55700/devtoo..., se:cdpVersion: 133.0.6943.127, setWindowRect: true, strictFileInteractability: false, timeouts: {implicit: 0, pageLoad: 300000, script: 30000}, unhandledPromptBehavior: dismiss and notify, webauthn:extension:credBlob: true, webauthn:extension:largeBlob: true, webauthn:extension:minPinLength: true, webauthn:extension:prf: true, webauthn:virtualAuthenticators: true}
Element: [[ChromeDriver: chrome on mac (5b28153f68c1789b3472e3f5aa6cd392)] -> xpath: //span[text()=' Student ']]
Session ID: 5b28153f68c1789b3472e3f5aa6cd392
at java.base/jdk.internal.reflect.DirectConstructorHandleAccessor.newInstance(DirectConstructorHandleAccessor.java:67)
at java.base/java.lang.reflect.Constructor.newInstanceWithCaller(Constructor.java:500)
at java.base/java.lang.reflect.Constructor.newInstance(Constructor.java:484)
at org.openqa.selenium.remote.ErrorCodec.decode(ErrorCodec.java:167)
at org.openqa.selenium.remote.codec.w3c.W3CHttpResponseCodec.decode(W3CHttpResponseCodec.java:138)
at org.openqa.selenium.remote.codec.w3c.W3CHttpResponseCodec.decode(W3CHttpResponseCodec.java:50)
at org.openqa.selenium.remote.HttpCommandExecutor.execute(HttpCommandExecutor.java:215)
at org.openqa.selenium.remote.service.DriverCommandExecutor.invokeExecute(DriverCommandExecutor.java:216)
at org.openqa.selenium.remote.service.DriverCommandExecutor.execute(DriverCommandExecutor.java:174)
at org.openqa.selenium.remote.RemoteWebDriver.execute(RemoteWebDriver.java:545)
at org.openqa.selenium.remote.RemoteWebElement.execute(RemoteWebElement.java:223)
at org.openqa.selenium.remote.RemoteWebElement.getText(RemoteWebElement.java:191)
at java.base/jdk.internal.reflect.DirectMethodHandleAccessor.invoke(DirectMethodHandleAccessor.java:104)
at java.base/java.lang.reflect.Method.invoke(Method.java:578)
at org.openqa.selenium.support.pagefactory.internal.LocatingElementHandler.invoke(LocatingElementHandler.java:51)
at jdk.proxy2/jdk.proxy2.$Proxy44.getText(Unknown Source)
at lms.PageObjects.LoginPage.getDropdownOption(LoginPage.java:221)
at lms.StepDefinitions.Login_StepDefinition.admin_should_see_options_in_dropdown(Login_StepDefinition.java:130)
at ✽.Admin should see "Admin , Staff, Student" options in dropdown(file:///Users/uvaraj/eclipse-workspace/Team12_TechRockstars_LMS_UI_Phase2/src/test/resources/Features/01_Login.feature:87)
]]>
            </full-stacktrace>
          </exception> <!-- org.openqa.selenium.StaleElementReferenceException -->
          <reporter-output>
          </reporter-output>
        </test-method> <!-- runScenario -->
        <test-method signature="runScenario(io.cucumber.testng.PickleWrapper,io.cucumber.testng.FeatureWrapper)[pri:0, instance:lms.Runner.TestRunner$TestNGTestRunner@14bdbc74]" started-at="2025-02-24T21:48:52 EST" name="runScenario" description="Runs Cucumber Scenarios" data-provider="scenarios" finished-at="2025-02-24T21:48:56 EST" duration-ms="3859" status="PASS">
          <params>
            <param index="0">
              <value>
                <![CDATA["Verify the alignment input field for the login"]]>
              </value>
            </param>
            <param index="1">
              <value>
                <![CDATA["Login Page Validation"]]>
              </value>
            </param>
          </params>
          <reporter-output>
          </reporter-output>
        </test-method> <!-- runScenario -->
        <test-method signature="runScenario(io.cucumber.testng.PickleWrapper,io.cucumber.testng.FeatureWrapper)[pri:0, instance:lms.Runner.TestRunner$TestNGTestRunner@14bdbc74]" started-at="2025-02-24T21:48:56 EST" name="runScenario" description="Runs Cucumber Scenarios" data-provider="scenarios" finished-at="2025-02-24T21:49:00 EST" duration-ms="3948" status="PASS">
          <params>
            <param index="0">
              <value>
                <![CDATA["verify Login button is present"]]>
              </value>
            </param>
            <param index="1">
              <value>
                <![CDATA["Login Page Validation"]]>
              </value>
            </param>
          </params>
          <reporter-output>
          </reporter-output>
        </test-method> <!-- runScenario -->
        <test-method signature="runScenario(io.cucumber.testng.PickleWrapper,io.cucumber.testng.FeatureWrapper)[pri:0, instance:lms.Runner.TestRunner$TestNGTestRunner@14bdbc74]" started-at="2025-02-24T21:49:00 EST" name="runScenario" description="Runs Cucumber Scenarios" data-provider="scenarios" finished-at="2025-02-24T21:49:04 EST" duration-ms="3943" status="PASS">
          <params>
            <param index="0">
              <value>
                <![CDATA["Verify input descriptive text in user field"]]>
              </value>
            </param>
            <param index="1">
              <value>
                <![CDATA["Login Page Validation"]]>
              </value>
            </param>
          </params>
          <reporter-output>
          </reporter-output>
        </test-method> <!-- runScenario -->
        <test-method signature="runScenario(io.cucumber.testng.PickleWrapper,io.cucumber.testng.FeatureWrapper)[pri:0, instance:lms.Runner.TestRunner$TestNGTestRunner@14bdbc74]" started-at="2025-02-24T21:49:04 EST" name="runScenario" description="Runs Cucumber Scenarios" data-provider="scenarios" finished-at="2025-02-24T21:49:10 EST" duration-ms="6081" status="PASS">
          <params>
            <param index="0">
              <value>
                <![CDATA["Verify input descriptive text in password field"]]>
              </value>
            </param>
            <param index="1">
              <value>
                <![CDATA["Login Page Validation"]]>
              </value>
            </param>
          </params>
          <reporter-output>
          </reporter-output>
        </test-method> <!-- runScenario -->
        <test-method signature="runScenario(io.cucumber.testng.PickleWrapper,io.cucumber.testng.FeatureWrapper)[pri:0, instance:lms.Runner.TestRunner$TestNGTestRunner@14bdbc74]" started-at="2025-02-24T21:49:10 EST" name="runScenario" description="Runs Cucumber Scenarios" data-provider="scenarios" finished-at="2025-02-24T21:49:14 EST" duration-ms="4045" status="PASS">
          <params>
            <param index="0">
              <value>
                <![CDATA["Validate login with valid data in all field"]]>
              </value>
            </param>
            <param index="1">
              <value>
                <![CDATA["Login Page Validation"]]>
              </value>
            </param>
          </params>
          <reporter-output>
          </reporter-output>
        </test-method> <!-- runScenario -->
        <test-method signature="runScenario(io.cucumber.testng.PickleWrapper,io.cucumber.testng.FeatureWrapper)[pri:0, instance:lms.Runner.TestRunner$TestNGTestRunner@14bdbc74]" started-at="2025-02-24T21:49:14 EST" name="runScenario" description="Runs Cucumber Scenarios" data-provider="scenarios" finished-at="2025-02-24T21:49:19 EST" duration-ms="4634" status="FAIL">
          <params>
            <param index="0">
              <value>
                <![CDATA["Validate login with invalid data"]]>
              </value>
            </param>
            <param index="1">
              <value>
                <![CDATA["Login Page Validation"]]>
              </value>
            </param>
          </params>
          <exception class="java.lang.AssertionError">
            <message>
              <![CDATA[expected [true] but found [false]]]>
            </message>
            <full-stacktrace>
              <![CDATA[java.lang.AssertionError: expected [true] but found [false]
at org.testng.Assert.fail(Assert.java:111)
at org.testng.Assert.failNotEquals(Assert.java:1578)
at org.testng.Assert.assertTrue(Assert.java:57)
at org.testng.Assert.assertTrue(Assert.java:67)
at lms.StepDefinitions.Login_StepDefinition.error_message(Login_StepDefinition.java:189)
at ✽.Error message "Invalid username and password Please try again"(file:///Users/uvaraj/eclipse-workspace/Team12_TechRockstars_LMS_UI_Phase2/src/test/resources/Features/01_Login.feature:119)
]]>
            </full-stacktrace>
          </exception> <!-- java.lang.AssertionError -->
          <reporter-output>
          </reporter-output>
        </test-method> <!-- runScenario -->
        <test-method signature="runScenario(io.cucumber.testng.PickleWrapper,io.cucumber.testng.FeatureWrapper)[pri:0, instance:lms.Runner.TestRunner$TestNGTestRunner@14bdbc74]" started-at="2025-02-24T21:49:19 EST" name="runScenario" description="Runs Cucumber Scenarios" data-provider="scenarios" finished-at="2025-02-24T21:49:23 EST" duration-ms="4040" status="PASS">
          <params>
            <param index="0">
              <value>
                <![CDATA["Validate login credentials with null user name"]]>
              </value>
            </param>
            <param index="1">
              <value>
                <![CDATA["Login Page Validation"]]>
              </value>
            </param>
          </params>
          <reporter-output>
          </reporter-output>
        </test-method> <!-- runScenario -->
        <test-method signature="runScenario(io.cucumber.testng.PickleWrapper,io.cucumber.testng.FeatureWrapper)[pri:0, instance:lms.Runner.TestRunner$TestNGTestRunner@14bdbc74]" started-at="2025-02-24T21:49:23 EST" name="runScenario" description="Runs Cucumber Scenarios" data-provider="scenarios" finished-at="2025-02-24T21:49:27 EST" duration-ms="3991" status="PASS">
          <params>
            <param index="0">
              <value>
                <![CDATA["Validate login credentials with null password"]]>
              </value>
            </param>
            <param index="1">
              <value>
                <![CDATA["Login Page Validation"]]>
              </value>
            </param>
          </params>
          <reporter-output>
          </reporter-output>
        </test-method> <!-- runScenario -->
        <test-method signature="runScenario(io.cucumber.testng.PickleWrapper,io.cucumber.testng.FeatureWrapper)[pri:0, instance:lms.Runner.TestRunner$TestNGTestRunner@14bdbc74]" started-at="2025-02-24T21:49:27 EST" name="runScenario" description="Runs Cucumber Scenarios" data-provider="scenarios" finished-at="2025-02-24T21:49:37 EST" duration-ms="10197" status="FAIL">
          <params>
            <param index="0">
              <value>
                <![CDATA["verify login button action through keyboard"]]>
              </value>
            </param>
            <param index="1">
              <value>
                <![CDATA["Login Page Validation"]]>
              </value>
            </param>
          </params>
          <exception class="org.openqa.selenium.NoSuchElementException">
            <message>
              <![CDATA[no such element: Unable to locate element: {"method":"xpath","selector":"//div[@class='box']"}
  (Session info: chrome=133.0.6943.127)
For documentation on this error, please visit: https://www.selenium.dev/documentation/webdriver/troubleshooting/errors#no-such-element-exception
Build info: version: '4.28.1', revision: '73f5ad48a2'
System info: os.name: 'Mac OS X', os.arch: 'x86_64', os.version: '15.1.1', java.version: '19.0.1'
Driver info: org.openqa.selenium.chrome.ChromeDriver
Command: [f6bbc2fc3901b67ae17752575fc6912b, findElement {using=xpath, value=//div[@class='box']}]
Capabilities {acceptInsecureCerts: false, browserName: chrome, browserVersion: 133.0.6943.127, chrome: {chromedriverVersion: 133.0.6943.126 (cffa127ce7b..., userDataDir: /var/folders/9x/bfy4ys6j4vn...}, fedcm:accounts: true, goog:chromeOptions: {debuggerAddress: localhost:56246}, networkConnectionEnabled: false, pageLoadStrategy: normal, platformName: mac, proxy: Proxy(), se:cdp: ws://localhost:56246/devtoo..., se:cdpVersion: 133.0.6943.127, setWindowRect: true, strictFileInteractability: false, timeouts: {implicit: 0, pageLoad: 300000, script: 30000}, unhandledPromptBehavior: dismiss and notify, webauthn:extension:credBlob: true, webauthn:extension:largeBlob: true, webauthn:extension:minPinLength: true, webauthn:extension:prf: true, webauthn:virtualAuthenticators: true}
Session ID: f6bbc2fc3901b67ae17752575fc6912b]]>
            </message>
            <full-stacktrace>
              <![CDATA[org.openqa.selenium.NoSuchElementException: no such element: Unable to locate element: {"method":"xpath","selector":"//div[@class='box']"}
  (Session info: chrome=133.0.6943.127)
For documentation on this error, please visit: https://www.selenium.dev/documentation/webdriver/troubleshooting/errors#no-such-element-exception
Build info: version: '4.28.1', revision: '73f5ad48a2'
System info: os.name: 'Mac OS X', os.arch: 'x86_64', os.version: '15.1.1', java.version: '19.0.1'
Driver info: org.openqa.selenium.chrome.ChromeDriver
Command: [f6bbc2fc3901b67ae17752575fc6912b, findElement {using=xpath, value=//div[@class='box']}]
Capabilities {acceptInsecureCerts: false, browserName: chrome, browserVersion: 133.0.6943.127, chrome: {chromedriverVersion: 133.0.6943.126 (cffa127ce7b..., userDataDir: /var/folders/9x/bfy4ys6j4vn...}, fedcm:accounts: true, goog:chromeOptions: {debuggerAddress: localhost:56246}, networkConnectionEnabled: false, pageLoadStrategy: normal, platformName: mac, proxy: Proxy(), se:cdp: ws://localhost:56246/devtoo..., se:cdpVersion: 133.0.6943.127, setWindowRect: true, strictFileInteractability: false, timeouts: {implicit: 0, pageLoad: 300000, script: 30000}, unhandledPromptBehavior: dismiss and notify, webauthn:extension:credBlob: true, webauthn:extension:largeBlob: true, webauthn:extension:minPinLength: true, webauthn:extension:prf: true, webauthn:virtualAuthenticators: true}
Session ID: f6bbc2fc3901b67ae17752575fc6912b
at java.base/jdk.internal.reflect.DirectConstructorHandleAccessor.newInstance(DirectConstructorHandleAccessor.java:67)
at java.base/java.lang.reflect.Constructor.newInstanceWithCaller(Constructor.java:500)
at java.base/java.lang.reflect.Constructor.newInstance(Constructor.java:484)
at org.openqa.selenium.remote.ErrorCodec.decode(ErrorCodec.java:167)
at org.openqa.selenium.remote.codec.w3c.W3CHttpResponseCodec.decode(W3CHttpResponseCodec.java:138)
at org.openqa.selenium.remote.codec.w3c.W3CHttpResponseCodec.decode(W3CHttpResponseCodec.java:50)
at org.openqa.selenium.remote.HttpCommandExecutor.execute(HttpCommandExecutor.java:215)
at org.openqa.selenium.remote.service.DriverCommandExecutor.invokeExecute(DriverCommandExecutor.java:216)
at org.openqa.selenium.remote.service.DriverCommandExecutor.execute(DriverCommandExecutor.java:174)
at org.openqa.selenium.remote.RemoteWebDriver.execute(RemoteWebDriver.java:545)
at org.openqa.selenium.remote.ElementLocation$ElementFinder$2.findElement(ElementLocation.java:165)
at org.openqa.selenium.remote.ElementLocation.findElement(ElementLocation.java:59)
at org.openqa.selenium.remote.RemoteWebDriver.findElement(RemoteWebDriver.java:368)
at org.openqa.selenium.remote.RemoteWebDriver.findElement(RemoteWebDriver.java:362)
at org.openqa.selenium.support.pagefactory.DefaultElementLocator.findElement(DefaultElementLocator.java:68)
at org.openqa.selenium.support.pagefactory.internal.LocatingElementHandler.invoke(LocatingElementHandler.java:38)
at jdk.proxy2/jdk.proxy2.$Proxy44.isDisplayed(Unknown Source)
at lms.PageObjects.LoginPage.verifyDashboard(LoginPage.java:240)
at lms.StepDefinitions.Login_StepDefinition.admin_should_land_on_home_page(Login_StepDefinition.java:170)
at ✽.Admin should land on home page(file:///Users/uvaraj/eclipse-workspace/Team12_TechRockstars_LMS_UI_Phase2/src/test/resources/Features/01_Login.feature:136)
]]>
            </full-stacktrace>
          </exception> <!-- org.openqa.selenium.NoSuchElementException -->
          <reporter-output>
          </reporter-output>
        </test-method> <!-- runScenario -->
        <test-method signature="runScenario(io.cucumber.testng.PickleWrapper,io.cucumber.testng.FeatureWrapper)[pri:0, instance:lms.Runner.TestRunner$TestNGTestRunner@14bdbc74]" started-at="2025-02-24T21:49:37 EST" name="runScenario" description="Runs Cucumber Scenarios" data-provider="scenarios" finished-at="2025-02-24T21:49:41 EST" duration-ms="4024" status="PASS">
          <params>
            <param index="0">
              <value>
                <![CDATA["verify login button action through mouse"]]>
              </value>
            </param>
            <param index="1">
              <value>
                <![CDATA["Login Page Validation"]]>
              </value>
            </param>
          </params>
          <reporter-output>
          </reporter-output>
        </test-method> <!-- runScenario -->
        <test-method signature="runScenario(io.cucumber.testng.PickleWrapper,io.cucumber.testng.FeatureWrapper)[pri:0, instance:lms.Runner.TestRunner$TestNGTestRunner@14bdbc74]" started-at="2025-02-24T21:49:41 EST" name="runScenario" description="Runs Cucumber Scenarios" data-provider="scenarios" finished-at="2025-02-24T21:49:46 EST" duration-ms="4437" status="PASS">
          <params>
            <param index="0">
              <value>
                <![CDATA["Verify LMS title"]]>
              </value>
            </param>
            <param index="1">
              <value>
                <![CDATA["Home Page Validation"]]>
              </value>
            </param>
          </params>
          <reporter-output>
          </reporter-output>
        </test-method> <!-- runScenario -->
        <test-method signature="runScenario(io.cucumber.testng.PickleWrapper,io.cucumber.testng.FeatureWrapper)[pri:0, instance:lms.Runner.TestRunner$TestNGTestRunner@14bdbc74]" started-at="2025-02-24T21:49:46 EST" name="runScenario" description="Runs Cucumber Scenarios" data-provider="scenarios" finished-at="2025-02-24T21:49:50 EST" duration-ms="4381" status="PASS">
          <params>
            <param index="0">
              <value>
                <![CDATA["Verify LMS title alignment"]]>
              </value>
            </param>
            <param index="1">
              <value>
                <![CDATA["Home Page Validation"]]>
              </value>
            </param>
          </params>
          <reporter-output>
          </reporter-output>
        </test-method> <!-- runScenario -->
        <test-method signature="runScenario(io.cucumber.testng.PickleWrapper,io.cucumber.testng.FeatureWrapper)[pri:0, instance:lms.Runner.TestRunner$TestNGTestRunner@14bdbc74]" started-at="2025-02-24T21:49:50 EST" name="runScenario" description="Runs Cucumber Scenarios" data-provider="scenarios" finished-at="2025-02-24T21:49:55 EST" duration-ms="4741" status="PASS">
          <params>
            <param index="0">
              <value>
                <![CDATA["Validate navigation bar text"]]>
              </value>
            </param>
            <param index="1">
              <value>
                <![CDATA["Home Page Validation"]]>
              </value>
            </param>
          </params>
          <reporter-output>
          </reporter-output>
        </test-method> <!-- runScenario -->
        <test-method signature="runScenario(io.cucumber.testng.PickleWrapper,io.cucumber.testng.FeatureWrapper)[pri:0, instance:lms.Runner.TestRunner$TestNGTestRunner@14bdbc74]" started-at="2025-02-24T21:49:55 EST" name="runScenario" description="Runs Cucumber Scenarios" data-provider="scenarios" finished-at="2025-02-24T21:50:00 EST" duration-ms="5220" status="PASS">
          <params>
            <param index="0">
              <value>
                <![CDATA["Validate LMS title has correct spelling and space"]]>
              </value>
            </param>
            <param index="1">
              <value>
                <![CDATA["Home Page Validation"]]>
              </value>
            </param>
          </params>
          <reporter-output>
          </reporter-output>
        </test-method> <!-- runScenario -->
        <test-method signature="runScenario(io.cucumber.testng.PickleWrapper,io.cucumber.testng.FeatureWrapper)[pri:0, instance:lms.Runner.TestRunner$TestNGTestRunner@14bdbc74]" started-at="2025-02-24T21:50:00 EST" name="runScenario" description="Runs Cucumber Scenarios" data-provider="scenarios" finished-at="2025-02-24T21:50:05 EST" duration-ms="5300" status="FAIL">
          <params>
            <param index="0">
              <value>
                <![CDATA["Validate alignment for navigation bar"]]>
              </value>
            </param>
            <param index="1">
              <value>
                <![CDATA["Home Page Validation"]]>
              </value>
            </param>
          </params>
          <exception class="java.lang.AssertionError">
            <message>
              <![CDATA[Navigation bar element is not in the top-right side. expected [true] but found [false]]]>
            </message>
            <full-stacktrace>
              <![CDATA[java.lang.AssertionError: Navigation bar element is not in the top-right side. expected [true] but found [false]
at org.testng.Assert.fail(Assert.java:111)
at org.testng.Assert.failNotEquals(Assert.java:1578)
at org.testng.Assert.assertTrue(Assert.java:57)
at lms.StepDefinitions.HomePage_StepDefinition.admin_should_see_the_navigation_bar_text_on_the_top_right_side(HomePage_StepDefinition.java:74)
at ✽.Admin should see the navigation bar text on the top right side(file:///Users/uvaraj/eclipse-workspace/Team12_TechRockstars_LMS_UI_Phase2/src/test/resources/Features/02_HomePage.feature:22)
]]>
            </full-stacktrace>
          </exception> <!-- java.lang.AssertionError -->
          <reporter-output>
          </reporter-output>
        </test-method> <!-- runScenario -->
        <test-method signature="runScenario(io.cucumber.testng.PickleWrapper,io.cucumber.testng.FeatureWrapper)[pri:0, instance:lms.Runner.TestRunner$TestNGTestRunner@14bdbc74]" started-at="2025-02-24T21:50:05 EST" name="runScenario" description="Runs Cucumber Scenarios" data-provider="scenarios" finished-at="2025-02-24T21:50:10 EST" duration-ms="4516" status="PASS">
          <params>
            <param index="0">
              <value>
                <![CDATA["Validate navigation bar order 1st home"]]>
              </value>
            </param>
            <param index="1">
              <value>
                <![CDATA["Home Page Validation"]]>
              </value>
            </param>
          </params>
          <reporter-output>
          </reporter-output>
        </test-method> <!-- runScenario -->
        <test-method signature="runScenario(io.cucumber.testng.PickleWrapper,io.cucumber.testng.FeatureWrapper)[pri:0, instance:lms.Runner.TestRunner$TestNGTestRunner@14bdbc74]" started-at="2025-02-24T21:50:10 EST" name="runScenario" description="Runs Cucumber Scenarios" data-provider="scenarios" finished-at="2025-02-24T21:50:14 EST" duration-ms="4386" status="PASS">
          <params>
            <param index="0">
              <value>
                <![CDATA["Validate navigation bar order 2nd Program"]]>
              </value>
            </param>
            <param index="1">
              <value>
                <![CDATA["Home Page Validation"]]>
              </value>
            </param>
          </params>
          <reporter-output>
          </reporter-output>
        </test-method> <!-- runScenario -->
        <test-method signature="runScenario(io.cucumber.testng.PickleWrapper,io.cucumber.testng.FeatureWrapper)[pri:0, instance:lms.Runner.TestRunner$TestNGTestRunner@14bdbc74]" started-at="2025-02-24T21:50:14 EST" name="runScenario" description="Runs Cucumber Scenarios" data-provider="scenarios" finished-at="2025-02-24T21:50:18 EST" duration-ms="4249" status="PASS">
          <params>
            <param index="0">
              <value>
                <![CDATA["Validate navigation bar order 3rd  batch"]]>
              </value>
            </param>
            <param index="1">
              <value>
                <![CDATA["Home Page Validation"]]>
              </value>
            </param>
          </params>
          <reporter-output>
          </reporter-output>
        </test-method> <!-- runScenario -->
        <test-method signature="runScenario(io.cucumber.testng.PickleWrapper,io.cucumber.testng.FeatureWrapper)[pri:0, instance:lms.Runner.TestRunner$TestNGTestRunner@14bdbc74]" started-at="2025-02-24T21:50:18 EST" name="runScenario" description="Runs Cucumber Scenarios" data-provider="scenarios" finished-at="2025-02-24T21:50:23 EST" duration-ms="4447" status="PASS">
          <params>
            <param index="0">
              <value>
                <![CDATA["Validate navigation bar order 4th  class"]]>
              </value>
            </param>
            <param index="1">
              <value>
                <![CDATA["Home Page Validation"]]>
              </value>
            </param>
          </params>
          <reporter-output>
          </reporter-output>
        </test-method> <!-- runScenario -->
        <test-method signature="runScenario(io.cucumber.testng.PickleWrapper,io.cucumber.testng.FeatureWrapper)[pri:0, instance:lms.Runner.TestRunner$TestNGTestRunner@14bdbc74]" started-at="2025-02-24T21:50:23 EST" name="runScenario" description="Runs Cucumber Scenarios" data-provider="scenarios" finished-at="2025-02-24T21:50:27 EST" duration-ms="4398" status="PASS">
          <params>
            <param index="0">
              <value>
                <![CDATA["validate navigation bar order 5th logout"]]>
              </value>
            </param>
            <param index="1">
              <value>
                <![CDATA["Home Page Validation"]]>
              </value>
            </param>
          </params>
          <reporter-output>
          </reporter-output>
        </test-method> <!-- runScenario -->
        <test-method signature="runScenario(io.cucumber.testng.PickleWrapper,io.cucumber.testng.FeatureWrapper)[pri:0, instance:lms.Runner.TestRunner$TestNGTestRunner@14bdbc74]" started-at="2025-02-24T21:50:27 EST" name="runScenario" description="Runs Cucumber Scenarios" data-provider="scenarios" finished-at="2025-02-24T21:50:31 EST" duration-ms="3655" status="PASS">
          <params>
            <param index="0">
              <value>
                <![CDATA["verify pie-chart presence"]]>
              </value>
            </param>
            <param index="1">
              <value>
                <![CDATA["Home Page Validation"]]>
              </value>
            </param>
          </params>
          <reporter-output>
          </reporter-output>
        </test-method> <!-- runScenario -->
        <test-method signature="runScenario(io.cucumber.testng.PickleWrapper,io.cucumber.testng.FeatureWrapper)[pri:0, instance:lms.Runner.TestRunner$TestNGTestRunner@14bdbc74]" started-at="2025-02-24T21:50:31 EST" name="runScenario" description="Runs Cucumber Scenarios" data-provider="scenarios" finished-at="2025-02-24T21:50:36 EST" duration-ms="5540" status="FAIL">
          <params>
            <param index="0">
              <value>
                <![CDATA["Verify user details"]]>
              </value>
            </param>
            <param index="1">
              <value>
                <![CDATA["Home Page Validation"]]>
              </value>
            </param>
          </params>
          <exception class="java.lang.NullPointerException">
            <message>
              <![CDATA[Cannot invoke "String.toLowerCase()" because the return value of "lms.Utilities.ConfigReader.getrole()" is null]]>
            </message>
            <full-stacktrace>
              <![CDATA[java.lang.NullPointerException: Cannot invoke "String.toLowerCase()" because the return value of "lms.Utilities.ConfigReader.getrole()" is null
at lms.PageObjects.HomePage.validateUserNameAndRole(HomePage.java:144)
at lms.StepDefinitions.HomePage_StepDefinition.admin_should_see_welcome_message_with_user_name_and_role(HomePage_StepDefinition.java:109)
at ✽.Admin should see welcome message with user name and role(file:///Users/uvaraj/eclipse-workspace/Team12_TechRockstars_LMS_UI_Phase2/src/test/resources/Features/02_HomePage.feature:43)
]]>
            </full-stacktrace>
          </exception> <!-- java.lang.NullPointerException -->
          <reporter-output>
          </reporter-output>
        </test-method> <!-- runScenario -->
        <test-method signature="runScenario(io.cucumber.testng.PickleWrapper,io.cucumber.testng.FeatureWrapper)[pri:0, instance:lms.Runner.TestRunner$TestNGTestRunner@14bdbc74]" started-at="2025-02-24T21:50:36 EST" name="runScenario" description="Runs Cucumber Scenarios" data-provider="scenarios" finished-at="2025-02-24T21:50:41 EST" duration-ms="4149" status="PASS">
          <params>
            <param index="0">
              <value>
                <![CDATA["Verify bar chart"]]>
              </value>
            </param>
            <param index="1">
              <value>
                <![CDATA["Home Page Validation"]]>
              </value>
            </param>
          </params>
          <reporter-output>
          </reporter-output>
        </test-method> <!-- runScenario -->
        <test-method signature="runScenario(io.cucumber.testng.PickleWrapper,io.cucumber.testng.FeatureWrapper)[pri:0, instance:lms.Runner.TestRunner$TestNGTestRunner@14bdbc74]" started-at="2025-02-24T21:50:41 EST" name="runScenario" description="Runs Cucumber Scenarios" data-provider="scenarios" finished-at="2025-02-24T21:50:45 EST" duration-ms="4395" status="PASS">
          <params>
            <param index="0">
              <value>
                <![CDATA["Verify user count"]]>
              </value>
            </param>
            <param index="1">
              <value>
                <![CDATA["Home Page Validation"]]>
              </value>
            </param>
          </params>
          <reporter-output>
          </reporter-output>
        </test-method> <!-- runScenario -->
        <test-method signature="runScenario(io.cucumber.testng.PickleWrapper,io.cucumber.testng.FeatureWrapper)[pri:0, instance:lms.Runner.TestRunner$TestNGTestRunner@14bdbc74]" started-at="2025-02-24T21:50:45 EST" name="runScenario" description="Runs Cucumber Scenarios" data-provider="scenarios" finished-at="2025-02-24T21:50:49 EST" duration-ms="4303" status="PASS">
          <params>
            <param index="0">
              <value>
                <![CDATA["Verify staff count"]]>
              </value>
            </param>
            <param index="1">
              <value>
                <![CDATA["Home Page Validation"]]>
              </value>
            </param>
          </params>
          <reporter-output>
          </reporter-output>
        </test-method> <!-- runScenario -->
        <test-method signature="runScenario(io.cucumber.testng.PickleWrapper,io.cucumber.testng.FeatureWrapper)[pri:0, instance:lms.Runner.TestRunner$TestNGTestRunner@14bdbc74]" started-at="2025-02-24T21:50:49 EST" name="runScenario" description="Runs Cucumber Scenarios" data-provider="scenarios" finished-at="2025-02-24T21:50:54 EST" duration-ms="4244" status="PASS">
          <params>
            <param index="0">
              <value>
                <![CDATA["verify program count"]]>
              </value>
            </param>
            <param index="1">
              <value>
                <![CDATA["Home Page Validation"]]>
              </value>
            </param>
          </params>
          <reporter-output>
          </reporter-output>
        </test-method> <!-- runScenario -->
        <test-method signature="runScenario(io.cucumber.testng.PickleWrapper,io.cucumber.testng.FeatureWrapper)[pri:0, instance:lms.Runner.TestRunner$TestNGTestRunner@14bdbc74]" started-at="2025-02-24T21:50:54 EST" name="runScenario" description="Runs Cucumber Scenarios" data-provider="scenarios" finished-at="2025-02-24T21:50:58 EST" duration-ms="4178" status="PASS">
          <params>
            <param index="0">
              <value>
                <![CDATA["Verify batch count"]]>
              </value>
            </param>
            <param index="1">
              <value>
                <![CDATA["Home Page Validation"]]>
              </value>
            </param>
          </params>
          <reporter-output>
          </reporter-output>
        </test-method> <!-- runScenario -->
        <test-method signature="runScenario(io.cucumber.testng.PickleWrapper,io.cucumber.testng.FeatureWrapper)[pri:0, instance:lms.Runner.TestRunner$TestNGTestRunner@14bdbc74]" started-at="2025-02-24T21:50:58 EST" name="runScenario" description="Runs Cucumber Scenarios" data-provider="scenarios" finished-at="2025-02-24T21:51:02 EST" duration-ms="4173" status="PASS">
          <params>
            <param index="0">
              <value>
                <![CDATA["Verify staff table pagination"]]>
              </value>
            </param>
            <param index="1">
              <value>
                <![CDATA["Home Page Validation"]]>
              </value>
            </param>
          </params>
          <reporter-output>
          </reporter-output>
        </test-method> <!-- runScenario -->
        <test-method signature="runScenario(io.cucumber.testng.PickleWrapper,io.cucumber.testng.FeatureWrapper)[pri:0, instance:lms.Runner.TestRunner$TestNGTestRunner@14bdbc74]" started-at="2025-02-24T21:51:02 EST" name="runScenario" description="Runs Cucumber Scenarios" data-provider="scenarios" finished-at="2025-02-24T21:51:06 EST" duration-ms="4442" status="PASS">
          <params>
            <param index="0">
              <value>
                <![CDATA["Verify staff data page split"]]>
              </value>
            </param>
            <param index="1">
              <value>
                <![CDATA["Home Page Validation"]]>
              </value>
            </param>
          </params>
          <reporter-output>
          </reporter-output>
        </test-method> <!-- runScenario -->
        <test-method signature="runScenario(io.cucumber.testng.PickleWrapper,io.cucumber.testng.FeatureWrapper)[pri:0, instance:lms.Runner.TestRunner$TestNGTestRunner@14bdbc74]" started-at="2025-02-24T21:51:06 EST" name="runScenario" description="Runs Cucumber Scenarios" data-provider="scenarios" finished-at="2025-02-24T21:51:11 EST" duration-ms="4400" status="PASS">
          <params>
            <param index="0">
              <value>
                <![CDATA["verify previous page icon disable"]]>
              </value>
            </param>
            <param index="1">
              <value>
                <![CDATA["Home Page Validation"]]>
              </value>
            </param>
          </params>
          <reporter-output>
          </reporter-output>
        </test-method> <!-- runScenario -->
        <test-method signature="runScenario(io.cucumber.testng.PickleWrapper,io.cucumber.testng.FeatureWrapper)[pri:0, instance:lms.Runner.TestRunner$TestNGTestRunner@14bdbc74]" started-at="2025-02-24T21:51:11 EST" name="runScenario" description="Runs Cucumber Scenarios" data-provider="scenarios" finished-at="2025-02-24T21:51:15 EST" duration-ms="4482" status="PASS">
          <params>
            <param index="0">
              <value>
                <![CDATA["verify first page icon disabled"]]>
              </value>
            </param>
            <param index="1">
              <value>
                <![CDATA["Home Page Validation"]]>
              </value>
            </param>
          </params>
          <reporter-output>
          </reporter-output>
        </test-method> <!-- runScenario -->
        <test-method signature="runScenario(io.cucumber.testng.PickleWrapper,io.cucumber.testng.FeatureWrapper)[pri:0, instance:lms.Runner.TestRunner$TestNGTestRunner@14bdbc74]" started-at="2025-02-24T21:51:15 EST" name="runScenario" description="Runs Cucumber Scenarios" data-provider="scenarios" finished-at="2025-02-24T21:51:20 EST" duration-ms="4964" status="PASS">
          <params>
            <param index="0">
              <value>
                <![CDATA["Verify that Admin is able to navigate to program"]]>
              </value>
            </param>
            <param index="1">
              <value>
                <![CDATA["Navigation program"]]>
              </value>
            </param>
          </params>
          <reporter-output>
          </reporter-output>
        </test-method> <!-- runScenario -->
        <test-method signature="runScenario(io.cucumber.testng.PickleWrapper,io.cucumber.testng.FeatureWrapper)[pri:0, instance:lms.Runner.TestRunner$TestNGTestRunner@14bdbc74]" started-at="2025-02-24T21:51:20 EST" name="runScenario" description="Runs Cucumber Scenarios" data-provider="scenarios" finished-at="2025-02-24T21:51:25 EST" duration-ms="4882" status="PASS">
          <params>
            <param index="0">
              <value>
                <![CDATA["Verify that Admin is able to navigate to batch"]]>
              </value>
            </param>
            <param index="1">
              <value>
                <![CDATA["Navigation program"]]>
              </value>
            </param>
          </params>
          <reporter-output>
          </reporter-output>
        </test-method> <!-- runScenario -->
        <test-method signature="runScenario(io.cucumber.testng.PickleWrapper,io.cucumber.testng.FeatureWrapper)[pri:0, instance:lms.Runner.TestRunner$TestNGTestRunner@14bdbc74]" started-at="2025-02-24T21:51:25 EST" name="runScenario" description="Runs Cucumber Scenarios" data-provider="scenarios" finished-at="2025-02-24T21:51:30 EST" duration-ms="5397" status="PASS">
          <params>
            <param index="0">
              <value>
                <![CDATA["Verify that Admin is able to navigate to class"]]>
              </value>
            </param>
            <param index="1">
              <value>
                <![CDATA["Navigation program"]]>
              </value>
            </param>
          </params>
          <reporter-output>
          </reporter-output>
        </test-method> <!-- runScenario -->
        <test-method signature="runScenario(io.cucumber.testng.PickleWrapper,io.cucumber.testng.FeatureWrapper)[pri:0, instance:lms.Runner.TestRunner$TestNGTestRunner@14bdbc74]" started-at="2025-02-24T21:51:31 EST" name="runScenario" description="Runs Cucumber Scenarios" data-provider="scenarios" finished-at="2025-02-24T21:51:36 EST" duration-ms="5270" status="PASS">
          <params>
            <param index="0">
              <value>
                <![CDATA["Verify Admin Navigate to Batch page successfully"]]>
              </value>
            </param>
            <param index="1">
              <value>
                <![CDATA["Batch Page Navigation"]]>
              </value>
            </param>
          </params>
          <reporter-output>
          </reporter-output>
        </test-method> <!-- runScenario -->
        <test-method signature="runScenario(io.cucumber.testng.PickleWrapper,io.cucumber.testng.FeatureWrapper)[pri:0, instance:lms.Runner.TestRunner$TestNGTestRunner@14bdbc74]" started-at="2025-02-24T21:51:36 EST" name="runScenario" description="Runs Cucumber Scenarios" data-provider="scenarios" finished-at="2025-02-24T21:51:41 EST" duration-ms="5263" status="PASS">
          <params>
            <param index="0">
              <value>
                <![CDATA["Validate "Title" in Batch Page"]]>
              </value>
            </param>
            <param index="1">
              <value>
                <![CDATA["Batch Page Validation"]]>
              </value>
            </param>
          </params>
          <reporter-output>
          </reporter-output>
        </test-method> <!-- runScenario -->
        <test-method signature="runScenario(io.cucumber.testng.PickleWrapper,io.cucumber.testng.FeatureWrapper)[pri:0, instance:lms.Runner.TestRunner$TestNGTestRunner@14bdbc74]" started-at="2025-02-24T21:51:41 EST" name="runScenario" description="Runs Cucumber Scenarios" data-provider="scenarios" finished-at="2025-02-24T21:51:46 EST" duration-ms="4694" status="PASS">
          <params>
            <param index="0">
              <value>
                <![CDATA["Validate "heading" in the Batch Page"]]>
              </value>
            </param>
            <param index="1">
              <value>
                <![CDATA["Batch Page Validation"]]>
              </value>
            </param>
          </params>
          <reporter-output>
          </reporter-output>
        </test-method> <!-- runScenario -->
        <test-method signature="runScenario(io.cucumber.testng.PickleWrapper,io.cucumber.testng.FeatureWrapper)[pri:0, instance:lms.Runner.TestRunner$TestNGTestRunner@14bdbc74]" started-at="2025-02-24T21:51:46 EST" name="runScenario" description="Runs Cucumber Scenarios" data-provider="scenarios" finished-at="2025-02-24T21:51:52 EST" duration-ms="5921" status="FAIL">
          <params>
            <param index="0">
              <value>
                <![CDATA["Validate disabled "Delete Icon" under the header in the Batch Page"]]>
              </value>
            </param>
            <param index="1">
              <value>
                <![CDATA["Batch Page Validation"]]>
              </value>
            </param>
          </params>
          <exception class="java.lang.AssertionError">
            <message>
              <![CDATA[expected [false] but found [true]]]>
            </message>
            <full-stacktrace>
              <![CDATA[java.lang.AssertionError: expected [false] but found [true]
at org.testng.Assert.fail(Assert.java:111)
at org.testng.Assert.failNotEquals(Assert.java:1578)
at org.testng.Assert.assertEqualsImpl(Assert.java:150)
at org.testng.Assert.assertEquals(Assert.java:132)
at org.testng.Assert.assertEquals(Assert.java:1067)
at org.testng.Assert.assertEquals(Assert.java:1031)
at org.testng.Assert.assertEquals(Assert.java:1077)
at lms.StepDefinitions.BatchPageValidation_StepDefinition.admin_should_see_the_disabled_under_the_header(BatchPageValidation_StepDefinition.java:72)
at ✽.Admin should see the disabled "Delete Icon" under the header(file:///Users/uvaraj/eclipse-workspace/Team12_TechRockstars_LMS_UI_Phase2/src/test/resources/Features/05_BatchPageValidation.feature:18)
]]>
            </full-stacktrace>
          </exception> <!-- java.lang.AssertionError -->
          <reporter-output>
          </reporter-output>
        </test-method> <!-- runScenario -->
        <test-method signature="runScenario(io.cucumber.testng.PickleWrapper,io.cucumber.testng.FeatureWrapper)[pri:0, instance:lms.Runner.TestRunner$TestNGTestRunner@14bdbc74]" started-at="2025-02-24T21:51:52 EST" name="runScenario" description="Runs Cucumber Scenarios" data-provider="scenarios" finished-at="2025-02-24T21:51:56 EST" duration-ms="4796" status="PASS">
          <params>
            <param index="0">
              <value>
                <![CDATA["Validate pagination in the Batch Page"]]>
              </value>
            </param>
            <param index="1">
              <value>
                <![CDATA["Batch Page Validation"]]>
              </value>
            </param>
          </params>
          <reporter-output>
          </reporter-output>
        </test-method> <!-- runScenario -->
        <test-method signature="runScenario(io.cucumber.testng.PickleWrapper,io.cucumber.testng.FeatureWrapper)[pri:0, instance:lms.Runner.TestRunner$TestNGTestRunner@14bdbc74]" started-at="2025-02-24T21:51:56 EST" name="runScenario" description="Runs Cucumber Scenarios" data-provider="scenarios" finished-at="2025-02-24T21:52:01 EST" duration-ms="4596" status="PASS">
          <params>
            <param index="0">
              <value>
                <![CDATA["Validate edit icon in each data rows"]]>
              </value>
            </param>
            <param index="1">
              <value>
                <![CDATA["Batch Page Validation"]]>
              </value>
            </param>
          </params>
          <reporter-output>
          </reporter-output>
        </test-method> <!-- runScenario -->
        <test-method signature="runScenario(io.cucumber.testng.PickleWrapper,io.cucumber.testng.FeatureWrapper)[pri:0, instance:lms.Runner.TestRunner$TestNGTestRunner@14bdbc74]" started-at="2025-02-24T21:52:01 EST" name="runScenario" description="Runs Cucumber Scenarios" data-provider="scenarios" finished-at="2025-02-24T21:52:06 EST" duration-ms="4726" status="PASS">
          <params>
            <param index="0">
              <value>
                <![CDATA["validate delete icon in each data rows"]]>
              </value>
            </param>
            <param index="1">
              <value>
                <![CDATA["Batch Page Validation"]]>
              </value>
            </param>
          </params>
          <reporter-output>
          </reporter-output>
        </test-method> <!-- runScenario -->
        <test-method signature="runScenario(io.cucumber.testng.PickleWrapper,io.cucumber.testng.FeatureWrapper)[pri:0, instance:lms.Runner.TestRunner$TestNGTestRunner@14bdbc74]" started-at="2025-02-24T21:52:06 EST" name="runScenario" description="Runs Cucumber Scenarios" data-provider="scenarios" finished-at="2025-02-24T21:52:10 EST" duration-ms="4618" status="PASS">
          <params>
            <param index="0">
              <value>
                <![CDATA["validate checkbox in each data rows"]]>
              </value>
            </param>
            <param index="1">
              <value>
                <![CDATA["Batch Page Validation"]]>
              </value>
            </param>
          </params>
          <reporter-output>
          </reporter-output>
        </test-method> <!-- runScenario -->
        <test-method signature="runScenario(io.cucumber.testng.PickleWrapper,io.cucumber.testng.FeatureWrapper)[pri:0, instance:lms.Runner.TestRunner$TestNGTestRunner@14bdbc74]" started-at="2025-02-24T21:52:10 EST" name="runScenario" description="Runs Cucumber Scenarios" data-provider="scenarios" finished-at="2025-02-24T21:52:15 EST" duration-ms="4835" status="PASS">
          <params>
            <param index="0">
              <value>
                <![CDATA["Validate Datatable headers"]]>
              </value>
            </param>
            <param index="1">
              <value>
                <![CDATA["Batch Page Validation"]]>
              </value>
            </param>
          </params>
          <reporter-output>
          </reporter-output>
        </test-method> <!-- runScenario -->
        <test-method signature="runScenario(io.cucumber.testng.PickleWrapper,io.cucumber.testng.FeatureWrapper)[pri:0, instance:lms.Runner.TestRunner$TestNGTestRunner@14bdbc74]" started-at="2025-02-24T21:52:15 EST" name="runScenario" description="Runs Cucumber Scenarios" data-provider="scenarios" finished-at="2025-02-24T21:52:20 EST" duration-ms="4660" status="PASS">
          <params>
            <param index="0">
              <value>
                <![CDATA["Validate "Checkbox" in the Datatable header row"]]>
              </value>
            </param>
            <param index="1">
              <value>
                <![CDATA["Batch Page Validation"]]>
              </value>
            </param>
          </params>
          <reporter-output>
          </reporter-output>
        </test-method> <!-- runScenario -->
        <test-method signature="runScenario(io.cucumber.testng.PickleWrapper,io.cucumber.testng.FeatureWrapper)[pri:0, instance:lms.Runner.TestRunner$TestNGTestRunner@14bdbc74]" started-at="2025-02-24T21:52:20 EST" name="runScenario" description="Runs Cucumber Scenarios" data-provider="scenarios" finished-at="2025-02-24T21:52:25 EST" duration-ms="4852" status="PASS">
          <params>
            <param index="0">
              <value>
                <![CDATA["Validate "sort icon" next to all the datatable header"]]>
              </value>
            </param>
            <param index="1">
              <value>
                <![CDATA["Batch Page Validation"]]>
              </value>
            </param>
          </params>
          <reporter-output>
          </reporter-output>
        </test-method> <!-- runScenario -->
        <test-method signature="runScenario(io.cucumber.testng.PickleWrapper,io.cucumber.testng.FeatureWrapper)[pri:0, instance:lms.Runner.TestRunner$TestNGTestRunner@14bdbc74]" started-at="2025-02-24T21:52:25 EST" name="runScenario" description="Runs Cucumber Scenarios" data-provider="scenarios" finished-at="2025-02-24T21:52:30 EST" duration-ms="4987" status="PASS">
          <params>
            <param index="0">
              <value>
                <![CDATA["Verify heading in manage program"]]>
              </value>
            </param>
            <param index="1">
              <value>
                <![CDATA["program page Validation"]]>
              </value>
            </param>
          </params>
          <reporter-output>
          </reporter-output>
        </test-method> <!-- runScenario -->
        <test-method signature="runScenario(io.cucumber.testng.PickleWrapper,io.cucumber.testng.FeatureWrapper)[pri:0, instance:lms.Runner.TestRunner$TestNGTestRunner@14bdbc74]" started-at="2025-02-24T21:52:30 EST" name="runScenario" description="Runs Cucumber Scenarios" data-provider="scenarios" finished-at="2025-02-24T21:52:35 EST" duration-ms="5382" status="PASS">
          <params>
            <param index="0">
              <value>
                <![CDATA["Verify view details of programs"]]>
              </value>
            </param>
            <param index="1">
              <value>
                <![CDATA["program page Validation"]]>
              </value>
            </param>
          </params>
          <reporter-output>
          </reporter-output>
        </test-method> <!-- runScenario -->
        <test-method signature="runScenario(io.cucumber.testng.PickleWrapper,io.cucumber.testng.FeatureWrapper)[pri:0, instance:lms.Runner.TestRunner$TestNGTestRunner@14bdbc74]" started-at="2025-02-24T21:52:35 EST" name="runScenario" description="Runs Cucumber Scenarios" data-provider="scenarios" finished-at="2025-02-24T21:52:40 EST" duration-ms="5084" status="PASS">
          <params>
            <param index="0">
              <value>
                <![CDATA["Verify the Multiple Delete button state"]]>
              </value>
            </param>
            <param index="1">
              <value>
                <![CDATA["program page Validation"]]>
              </value>
            </param>
          </params>
          <reporter-output>
          </reporter-output>
        </test-method> <!-- runScenario -->
        <test-method signature="runScenario(io.cucumber.testng.PickleWrapper,io.cucumber.testng.FeatureWrapper)[pri:0, instance:lms.Runner.TestRunner$TestNGTestRunner@14bdbc74]" started-at="2025-02-24T21:52:40 EST" name="runScenario" description="Runs Cucumber Scenarios" data-provider="scenarios" finished-at="2025-02-24T21:52:45 EST" duration-ms="4855" status="PASS">
          <params>
            <param index="0">
              <value>
                <![CDATA["Verify the Search button"]]>
              </value>
            </param>
            <param index="1">
              <value>
                <![CDATA["program page Validation"]]>
              </value>
            </param>
          </params>
          <reporter-output>
          </reporter-output>
        </test-method> <!-- runScenario -->
        <test-method signature="runScenario(io.cucumber.testng.PickleWrapper,io.cucumber.testng.FeatureWrapper)[pri:0, instance:lms.Runner.TestRunner$TestNGTestRunner@14bdbc74]" started-at="2025-02-24T21:52:45 EST" name="runScenario" description="Runs Cucumber Scenarios" data-provider="scenarios" finished-at="2025-02-24T21:52:50 EST" duration-ms="4987" status="PASS">
          <params>
            <param index="0">
              <value>
                <![CDATA["Verify column header name of data table"]]>
              </value>
            </param>
            <param index="1">
              <value>
                <![CDATA["program page Validation"]]>
              </value>
            </param>
          </params>
          <reporter-output>
          </reporter-output>
        </test-method> <!-- runScenario -->
        <test-method signature="runScenario(io.cucumber.testng.PickleWrapper,io.cucumber.testng.FeatureWrapper)[pri:0, instance:lms.Runner.TestRunner$TestNGTestRunner@14bdbc74]" started-at="2025-02-24T21:52:50 EST" name="runScenario" description="Runs Cucumber Scenarios" data-provider="scenarios" finished-at="2025-02-24T21:52:55 EST" duration-ms="4682" status="PASS">
          <params>
            <param index="0">
              <value>
                <![CDATA["Verify checkbox default state beside Program Name column header"]]>
              </value>
            </param>
            <param index="1">
              <value>
                <![CDATA["program page Validation"]]>
              </value>
            </param>
          </params>
          <reporter-output>
          </reporter-output>
        </test-method> <!-- runScenario -->
        <test-method signature="runScenario(io.cucumber.testng.PickleWrapper,io.cucumber.testng.FeatureWrapper)[pri:0, instance:lms.Runner.TestRunner$TestNGTestRunner@14bdbc74]" started-at="2025-02-24T21:52:55 EST" name="runScenario" description="Runs Cucumber Scenarios" data-provider="scenarios" finished-at="2025-02-24T21:53:00 EST" duration-ms="4914" status="PASS">
          <params>
            <param index="0">
              <value>
                <![CDATA["Verify checkboxes default state beside each Program names in the data table"]]>
              </value>
            </param>
            <param index="1">
              <value>
                <![CDATA["program page Validation"]]>
              </value>
            </param>
          </params>
          <reporter-output>
          </reporter-output>
        </test-method> <!-- runScenario -->
        <test-method signature="runScenario(io.cucumber.testng.PickleWrapper,io.cucumber.testng.FeatureWrapper)[pri:0, instance:lms.Runner.TestRunner$TestNGTestRunner@14bdbc74]" started-at="2025-02-24T21:53:00 EST" name="runScenario" description="Runs Cucumber Scenarios" data-provider="scenarios" finished-at="2025-02-24T21:53:05 EST" duration-ms="5319" status="PASS">
          <params>
            <param index="0">
              <value>
                <![CDATA["Verify Sort icon in manage program"]]>
              </value>
            </param>
            <param index="1">
              <value>
                <![CDATA["program page Validation"]]>
              </value>
            </param>
          </params>
          <reporter-output>
          </reporter-output>
        </test-method> <!-- runScenario -->
        <test-method signature="runScenario(io.cucumber.testng.PickleWrapper,io.cucumber.testng.FeatureWrapper)[pri:0, instance:lms.Runner.TestRunner$TestNGTestRunner@14bdbc74]" started-at="2025-02-24T21:53:05 EST" name="runScenario" description="Runs Cucumber Scenarios" data-provider="scenarios" finished-at="2025-02-24T21:53:11 EST" duration-ms="5539" status="PASS">
          <params>
            <param index="0">
              <value>
                <![CDATA["Verify edit and delete icon in manage program"]]>
              </value>
            </param>
            <param index="1">
              <value>
                <![CDATA["program page Validation"]]>
              </value>
            </param>
          </params>
          <reporter-output>
          </reporter-output>
        </test-method> <!-- runScenario -->
        <test-method signature="runScenario(io.cucumber.testng.PickleWrapper,io.cucumber.testng.FeatureWrapper)[pri:0, instance:lms.Runner.TestRunner$TestNGTestRunner@14bdbc74]" started-at="2025-02-24T21:53:11 EST" name="runScenario" description="Runs Cucumber Scenarios" data-provider="scenarios" finished-at="2025-02-24T21:53:15 EST" duration-ms="4819" status="PASS">
          <params>
            <param index="0">
              <value>
                <![CDATA["Verify pagination icons below data table in manage program"]]>
              </value>
            </param>
            <param index="1">
              <value>
                <![CDATA["program page Validation"]]>
              </value>
            </param>
          </params>
          <reporter-output>
          </reporter-output>
        </test-method> <!-- runScenario -->
        <test-method signature="runScenario(io.cucumber.testng.PickleWrapper,io.cucumber.testng.FeatureWrapper)[pri:0, instance:lms.Runner.TestRunner$TestNGTestRunner@14bdbc74]" started-at="2025-02-24T21:53:15 EST" name="runScenario" description="Runs Cucumber Scenarios" data-provider="scenarios" finished-at="2025-02-24T21:53:20 EST" duration-ms="4960" status="PASS">
          <params>
            <param index="0">
              <value>
                <![CDATA["Verify footer message in manage program"]]>
              </value>
            </param>
            <param index="1">
              <value>
                <![CDATA["program page Validation"]]>
              </value>
            </param>
          </params>
          <reporter-output>
          </reporter-output>
        </test-method> <!-- runScenario -->
        <test-method signature="runScenario(io.cucumber.testng.PickleWrapper,io.cucumber.testng.FeatureWrapper)[pri:0, instance:lms.Runner.TestRunner$TestNGTestRunner@14bdbc74]" started-at="2025-02-24T21:53:20 EST" name="runScenario" description="Runs Cucumber Scenarios" data-provider="scenarios" finished-at="2025-02-24T21:53:26 EST" duration-ms="5319" status="PASS">
          <params>
            <param index="0">
              <value>
                <![CDATA["Verify add New Program"]]>
              </value>
            </param>
            <param index="1">
              <value>
                <![CDATA["Add new program"]]>
              </value>
            </param>
          </params>
          <reporter-output>
          </reporter-output>
        </test-method> <!-- runScenario -->
        <test-method signature="runScenario(io.cucumber.testng.PickleWrapper,io.cucumber.testng.FeatureWrapper)[pri:0, instance:lms.Runner.TestRunner$TestNGTestRunner@14bdbc74]" started-at="2025-02-24T21:53:26 EST" name="runScenario" description="Runs Cucumber Scenarios" data-provider="scenarios" finished-at="2025-02-24T21:53:31 EST" duration-ms="5278" status="PASS">
          <params>
            <param index="0">
              <value>
                <![CDATA["Verify title of the pop up window"]]>
              </value>
            </param>
            <param index="1">
              <value>
                <![CDATA["Add new program"]]>
              </value>
            </param>
          </params>
          <reporter-output>
          </reporter-output>
        </test-method> <!-- runScenario -->
        <test-method signature="runScenario(io.cucumber.testng.PickleWrapper,io.cucumber.testng.FeatureWrapper)[pri:0, instance:lms.Runner.TestRunner$TestNGTestRunner@14bdbc74]" started-at="2025-02-24T21:53:31 EST" name="runScenario" description="Runs Cucumber Scenarios" data-provider="scenarios" finished-at="2025-02-24T21:53:36 EST" duration-ms="5243" status="PASS">
          <params>
            <param index="0">
              <value>
                <![CDATA["Verify mandatory fields with red asterisk mark"]]>
              </value>
            </param>
            <param index="1">
              <value>
                <![CDATA["Add new program"]]>
              </value>
            </param>
          </params>
          <reporter-output>
          </reporter-output>
        </test-method> <!-- runScenario -->
        <test-method signature="runScenario(io.cucumber.testng.PickleWrapper,io.cucumber.testng.FeatureWrapper)[pri:0, instance:lms.Runner.TestRunner$TestNGTestRunner@14bdbc74]" started-at="2025-02-24T21:53:36 EST" name="runScenario" description="Runs Cucumber Scenarios" data-provider="scenarios" finished-at="2025-02-24T21:53:47 EST" duration-ms="10800" status="FAIL">
          <params>
            <param index="0">
              <value>
                <![CDATA["Verify empty form submission"]]>
              </value>
            </param>
            <param index="1">
              <value>
                <![CDATA["Add new program"]]>
              </value>
            </param>
          </params>
          <exception class="java.lang.IndexOutOfBoundsException">
            <message>
              <![CDATA[Index 0 out of bounds for length 0]]>
            </message>
            <full-stacktrace>
              <![CDATA[java.lang.IndexOutOfBoundsException: Index 0 out of bounds for length 0
at java.base/jdk.internal.util.Preconditions.outOfBounds(Preconditions.java:100)
at java.base/jdk.internal.util.Preconditions.outOfBoundsCheckIndex(Preconditions.java:106)
at java.base/jdk.internal.util.Preconditions.checkIndex(Preconditions.java:302)
at java.base/java.util.Objects.checkIndex(Objects.java:385)
at java.base/java.util.ArrayList.get(ArrayList.java:427)
at java.base/jdk.internal.reflect.DirectMethodHandleAccessor.invoke(DirectMethodHandleAccessor.java:104)
at java.base/java.lang.reflect.Method.invoke(Method.java:578)
at org.openqa.selenium.support.pagefactory.internal.LocatingElementListHandler.invoke(LocatingElementListHandler.java:39)
at jdk.proxy2/jdk.proxy2.$Proxy46.get(Unknown Source)
at lms.StepDefinitions.AddNewProgram_StepDefinition.admin_gets_error_message(AddNewProgram_StepDefinition.java:86)
at ✽.Admin gets error message(file:///Users/uvaraj/eclipse-workspace/Team12_TechRockstars_LMS_UI_Phase2/src/test/resources/Features/07_AddNewProgram.feature:30)
]]>
            </full-stacktrace>
          </exception> <!-- java.lang.IndexOutOfBoundsException -->
          <reporter-output>
          </reporter-output>
        </test-method> <!-- runScenario -->
        <test-method signature="runScenario(io.cucumber.testng.PickleWrapper,io.cucumber.testng.FeatureWrapper)[pri:0, instance:lms.Runner.TestRunner$TestNGTestRunner@14bdbc74]" started-at="2025-02-24T21:53:47 EST" name="runScenario" description="Runs Cucumber Scenarios" data-provider="scenarios" finished-at="2025-02-24T21:53:52 EST" duration-ms="4806" status="PASS">
          <params>
            <param index="0">
              <value>
                <![CDATA["Verify cancel button"]]>
              </value>
            </param>
            <param index="1">
              <value>
                <![CDATA["Add new program"]]>
              </value>
            </param>
[...]
          </params>
          <reporter-output>
          </reporter-output>
        </test-method> <!-- runScenario -->
        <test-method signature="runScenario(io.cucumber.testng.PickleWrapper,io.cucumber.testng.FeatureWrapper)[pri:0, instance:lms.Runner.TestRunner$TestNGTestRunner@30f842ca]" started-at="2025-02-24T22:02:34 EST" name="runScenario" description="Runs Cucumber Scenarios" data-provider="scenarios" finished-at="2025-02-24T22:02:39 EST" duration-ms="5160" status="PASS">
          <params>
            <param index="0">
              <value>
                <![CDATA["validate close Icon on the alert box"]]>
              </value>
            </param>
            <param index="1">
              <value>
                <![CDATA["Delete Batch validation"]]>
              </value>
            </param>
          </params>
          <reporter-output>
          </reporter-output>
        </test-method> <!-- runScenario -->
        <test-method signature="runScenario(io.cucumber.testng.PickleWrapper,io.cucumber.testng.FeatureWrapper)[pri:0, instance:lms.Runner.TestRunner$TestNGTestRunner@30f842ca]" started-at="2025-02-24T22:02:39 EST" name="runScenario" description="Runs Cucumber Scenarios" data-provider="scenarios" finished-at="2025-02-24T22:02:44 EST" duration-ms="4581" status="PASS">
          <params>
            <param index="0">
              <value>
                <![CDATA["Validate single row delete with checkbox"]]>
              </value>
            </param>
            <param index="1">
              <value>
                <![CDATA["Delete multiple batches with check box"]]>
              </value>
            </param>
          </params>
          <reporter-output>
          </reporter-output>
        </test-method> <!-- runScenario -->
        <test-method signature="runScenario(io.cucumber.testng.PickleWrapper,io.cucumber.testng.FeatureWrapper)[pri:0, instance:lms.Runner.TestRunner$TestNGTestRunner@30f842ca]" started-at="2025-02-24T22:02:44 EST" name="runScenario" description="Runs Cucumber Scenarios" data-provider="scenarios" finished-at="2025-02-24T22:02:49 EST" duration-ms="5014" status="PASS">
          <params>
            <param index="0">
              <value>
                <![CDATA["Validate multiple row delete with checkbox"]]>
              </value>
            </param>
            <param index="1">
              <value>
                <![CDATA["Delete multiple batches with check box"]]>
              </value>
            </param>
          </params>
          <reporter-output>
          </reporter-output>
        </test-method> <!-- runScenario -->
        <test-method signature="runScenario(io.cucumber.testng.PickleWrapper,io.cucumber.testng.FeatureWrapper)[pri:0, instance:lms.Runner.TestRunner$TestNGTestRunner@30f842ca]" started-at="2025-02-24T22:02:49 EST" name="runScenario" description="Runs Cucumber Scenarios" data-provider="scenarios" finished-at="2025-02-24T22:02:55 EST" duration-ms="5855" status="PASS">
          <params>
            <param index="0">
              <value>
                <![CDATA["Verify delete feature"]]>
              </value>
            </param>
            <param index="1">
              <value>
                <![CDATA["Delete program Validation"]]>
              </value>
            </param>
          </params>
          <reporter-output>
          </reporter-output>
        </test-method> <!-- runScenario -->
        <test-method signature="runScenario(io.cucumber.testng.PickleWrapper,io.cucumber.testng.FeatureWrapper)[pri:0, instance:lms.Runner.TestRunner$TestNGTestRunner@30f842ca]" started-at="2025-02-24T22:02:55 EST" name="runScenario" description="Runs Cucumber Scenarios" data-provider="scenarios" finished-at="2025-02-24T22:03:00 EST" duration-ms="5447" status="PASS">
          <params>
            <param index="0">
              <value>
                <![CDATA["Verify Admin is able to click 'Yes'"]]>
              </value>
            </param>
            <param index="1">
              <value>
                <![CDATA["Delete program Validation"]]>
              </value>
            </param>
          </params>
          <reporter-output>
          </reporter-output>
        </test-method> <!-- runScenario -->
        <test-method signature="runScenario(io.cucumber.testng.PickleWrapper,io.cucumber.testng.FeatureWrapper)[pri:0, instance:lms.Runner.TestRunner$TestNGTestRunner@30f842ca]" started-at="2025-02-24T22:03:00 EST" name="runScenario" description="Runs Cucumber Scenarios" data-provider="scenarios" finished-at="2025-02-24T22:03:07 EST" duration-ms="7005" status="PASS">
          <params>
            <param index="0">
              <value>
                <![CDATA["Verify Admin is able to see deleted program"]]>
              </value>
            </param>
            <param index="1">
              <value>
                <![CDATA["Delete program Validation"]]>
              </value>
            </param>
          </params>
          <reporter-output>
          </reporter-output>
        </test-method> <!-- runScenario -->
        <test-method signature="runScenario(io.cucumber.testng.PickleWrapper,io.cucumber.testng.FeatureWrapper)[pri:0, instance:lms.Runner.TestRunner$TestNGTestRunner@30f842ca]" started-at="2025-02-24T22:03:07 EST" name="runScenario" description="Runs Cucumber Scenarios" data-provider="scenarios" finished-at="2025-02-24T22:03:13 EST" duration-ms="5527" status="PASS">
          <params>
            <param index="0">
              <value>
                <![CDATA["Verify Admin is able to click 'No'"]]>
              </value>
            </param>
            <param index="1">
              <value>
                <![CDATA["Delete program Validation"]]>
              </value>
            </param>
          </params>
          <reporter-output>
          </reporter-output>
        </test-method> <!-- runScenario -->
        <test-method signature="runScenario(io.cucumber.testng.PickleWrapper,io.cucumber.testng.FeatureWrapper)[pri:0, instance:lms.Runner.TestRunner$TestNGTestRunner@30f842ca]" started-at="2025-02-24T22:03:13 EST" name="runScenario" description="Runs Cucumber Scenarios" data-provider="scenarios" finished-at="2025-02-24T22:03:18 EST" duration-ms="5317" status="PASS">
          <params>
            <param index="0">
              <value>
                <![CDATA["Verify Admin is able to close the window with "X""]]>
              </value>
            </param>
            <param index="1">
              <value>
                <![CDATA["Delete program Validation"]]>
              </value>
            </param>
          </params>
          <reporter-output>
          </reporter-output>
        </test-method> <!-- runScenario -->
        <test-method signature="runScenario(io.cucumber.testng.PickleWrapper,io.cucumber.testng.FeatureWrapper)[pri:0, instance:lms.Runner.TestRunner$TestNGTestRunner@30f842ca]" started-at="2025-02-24T22:03:18 EST" name="runScenario" description="Runs Cucumber Scenarios" data-provider="scenarios" finished-at="2025-02-24T22:03:24 EST" duration-ms="5674" status="PASS">
          <params>
            <param index="0">
              <value>
                <![CDATA["Verify Admin is able to select multiple programs"]]>
              </value>
            </param>
            <param index="1">
              <value>
                <![CDATA["DELETE MULTIPLE program Validation"]]>
              </value>
            </param>
          </params>
          <reporter-output>
          </reporter-output>
        </test-method> <!-- runScenario -->
        <test-method signature="runScenario(io.cucumber.testng.PickleWrapper,io.cucumber.testng.FeatureWrapper)[pri:0, instance:lms.Runner.TestRunner$TestNGTestRunner@30f842ca]" started-at="2025-02-24T22:03:24 EST" name="runScenario" description="Runs Cucumber Scenarios" data-provider="scenarios" finished-at="2025-02-24T22:03:29 EST" duration-ms="5145" status="PASS">
          <params>
            <param index="0">
              <value>
                <![CDATA["Verify Admin is able to delete Multiple programs"]]>
              </value>
            </param>
            <param index="1">
              <value>
                <![CDATA["DELETE MULTIPLE program Validation"]]>
              </value>
            </param>
          </params>
          <reporter-output>
          </reporter-output>
        </test-method> <!-- runScenario -->
        <test-method signature="runScenario(io.cucumber.testng.PickleWrapper,io.cucumber.testng.FeatureWrapper)[pri:0, instance:lms.Runner.TestRunner$TestNGTestRunner@30f842ca]" started-at="2025-02-24T22:03:29 EST" name="runScenario" description="Runs Cucumber Scenarios" data-provider="scenarios" finished-at="2025-02-24T22:04:00 EST" duration-ms="31075" status="FAIL">
          <params>
            <param index="0">
              <value>
                <![CDATA["Verify Admin is able to click 'Yes'"]]>
              </value>
            </param>
            <param index="1">
              <value>
                <![CDATA["DELETE MULTIPLE program Validation"]]>
              </value>
            </param>
          </params>
          <exception class="org.openqa.selenium.NoSuchElementException">
            <message>
              <![CDATA[no such element: Unable to locate element: {"method":"xpath","selector":"//*[text()='Program Deleted']"}
  (Session info: chrome=133.0.6943.127)
For documentation on this error, please visit: https://www.selenium.dev/documentation/webdriver/troubleshooting/errors#no-such-element-exception
Build info: version: '4.28.1', revision: '73f5ad48a2'
System info: os.name: 'Mac OS X', os.arch: 'x86_64', os.version: '15.1.1', java.version: '19.0.1'
Driver info: org.openqa.selenium.chrome.ChromeDriver
Command: [222e3e9c417f004fcc61abcb8381deec, findElement {using=xpath, value=//*[text()='Program Deleted']}]
Capabilities {acceptInsecureCerts: false, browserName: chrome, browserVersion: 133.0.6943.127, chrome: {chromedriverVersion: 133.0.6943.126 (cffa127ce7b..., userDataDir: /var/folders/9x/bfy4ys6j4vn...}, fedcm:accounts: true, goog:chromeOptions: {debuggerAddress: localhost:65132}, networkConnectionEnabled: false, pageLoadStrategy: normal, platformName: mac, proxy: Proxy(), se:cdp: ws://localhost:65132/devtoo..., se:cdpVersion: 133.0.6943.127, setWindowRect: true, strictFileInteractability: false, timeouts: {implicit: 0, pageLoad: 300000, script: 30000}, unhandledPromptBehavior: dismiss and notify, webauthn:extension:credBlob: true, webauthn:extension:largeBlob: true, webauthn:extension:minPinLength: true, webauthn:extension:prf: true, webauthn:virtualAuthenticators: true}
Session ID: 222e3e9c417f004fcc61abcb8381deec]]>
            </message>
            <full-stacktrace>
              <![CDATA[org.openqa.selenium.NoSuchElementException: no such element: Unable to locate element: {"method":"xpath","selector":"//*[text()='Program Deleted']"}
  (Session info: chrome=133.0.6943.127)
For documentation on this error, please visit: https://www.selenium.dev/documentation/webdriver/troubleshooting/errors#no-such-element-exception
Build info: version: '4.28.1', revision: '73f5ad48a2'
System info: os.name: 'Mac OS X', os.arch: 'x86_64', os.version: '15.1.1', java.version: '19.0.1'
Driver info: org.openqa.selenium.chrome.ChromeDriver
Command: [222e3e9c417f004fcc61abcb8381deec, findElement {using=xpath, value=//*[text()='Program Deleted']}]
Capabilities {acceptInsecureCerts: false, browserName: chrome, browserVersion: 133.0.6943.127, chrome: {chromedriverVersion: 133.0.6943.126 (cffa127ce7b..., userDataDir: /var/folders/9x/bfy4ys6j4vn...}, fedcm:accounts: true, goog:chromeOptions: {debuggerAddress: localhost:65132}, networkConnectionEnabled: false, pageLoadStrategy: normal, platformName: mac, proxy: Proxy(), se:cdp: ws://localhost:65132/devtoo..., se:cdpVersion: 133.0.6943.127, setWindowRect: true, strictFileInteractability: false, timeouts: {implicit: 0, pageLoad: 300000, script: 30000}, unhandledPromptBehavior: dismiss and notify, webauthn:extension:credBlob: true, webauthn:extension:largeBlob: true, webauthn:extension:minPinLength: true, webauthn:extension:prf: true, webauthn:virtualAuthenticators: true}
Session ID: 222e3e9c417f004fcc61abcb8381deec
at java.base/jdk.internal.reflect.DirectConstructorHandleAccessor.newInstance(DirectConstructorHandleAccessor.java:67)
at java.base/java.lang.reflect.Constructor.newInstanceWithCaller(Constructor.java:500)
at java.base/java.lang.reflect.Constructor.newInstance(Constructor.java:484)
at org.openqa.selenium.remote.ErrorCodec.decode(ErrorCodec.java:167)
at org.openqa.selenium.remote.codec.w3c.W3CHttpResponseCodec.decode(W3CHttpResponseCodec.java:138)
at org.openqa.selenium.remote.codec.w3c.W3CHttpResponseCodec.decode(W3CHttpResponseCodec.java:50)
at org.openqa.selenium.remote.HttpCommandExecutor.execute(HttpCommandExecutor.java:215)
at org.openqa.selenium.remote.service.DriverCommandExecutor.invokeExecute(DriverCommandExecutor.java:216)
at org.openqa.selenium.remote.service.DriverCommandExecutor.execute(DriverCommandExecutor.java:174)
at org.openqa.selenium.remote.RemoteWebDriver.execute(RemoteWebDriver.java:545)
at org.openqa.selenium.remote.ElementLocation$ElementFinder$2.findElement(ElementLocation.java:165)
at org.openqa.selenium.remote.ElementLocation.findElement(ElementLocation.java:59)
at org.openqa.selenium.remote.RemoteWebDriver.findElement(RemoteWebDriver.java:368)
at org.openqa.selenium.remote.RemoteWebDriver.findElement(RemoteWebDriver.java:362)
at org.openqa.selenium.support.pagefactory.DefaultElementLocator.findElement(DefaultElementLocator.java:68)
at org.openqa.selenium.support.pagefactory.internal.LocatingElementHandler.invoke(LocatingElementHandler.java:38)
at jdk.proxy2/jdk.proxy2.$Proxy44.isDisplayed(Unknown Source)
at lms.PageObjects.ProgramPage.progDeleteMesgDisplayed(ProgramPage.java:343)
at lms.StepDefinitions.DeleteProgram_StepDefinition.admin_can_see_message(DeleteProgram_StepDefinition.java:39)
at ✽.Admin can see 'Successful Program Deleted' message(file:///Users/uvaraj/eclipse-workspace/Team12_TechRockstars_LMS_UI_Phase2/src/test/resources/Features/28_DeleteMultipleProgram.feature:23)
]]>
            </full-stacktrace>
          </exception> <!-- org.openqa.selenium.NoSuchElementException -->
          <reporter-output>
          </reporter-output>
        </test-method> <!-- runScenario -->
        <test-method signature="runScenario(io.cucumber.testng.PickleWrapper,io.cucumber.testng.FeatureWrapper)[pri:0, instance:lms.Runner.TestRunner$TestNGTestRunner@30f842ca]" started-at="2025-02-24T22:04:00 EST" name="runScenario" description="Runs Cucumber Scenarios" data-provider="scenarios" finished-at="2025-02-24T22:04:18 EST" duration-ms="17737" status="PASS">
          <params>
            <param index="0">
              <value>
                <![CDATA["Verify Admin is able to see deleted program"]]>
              </value>
            </param>
            <param index="1">
              <value>
                <![CDATA["DELETE MULTIPLE program Validation"]]>
              </value>
            </param>
          </params>
          <reporter-output>
          </reporter-output>
        </test-method> <!-- runScenario -->
        <test-method signature="runScenario(io.cucumber.testng.PickleWrapper,io.cucumber.testng.FeatureWrapper)[pri:0, instance:lms.Runner.TestRunner$TestNGTestRunner@30f842ca]" started-at="2025-02-24T22:04:18 EST" name="runScenario" description="Runs Cucumber Scenarios" data-provider="scenarios" finished-at="2025-02-24T22:04:23 EST" duration-ms="5185" status="PASS">
          <params>
            <param index="0">
              <value>
                <![CDATA["Verify Admin is able to close the window with "X""]]>
              </value>
            </param>
            <param index="1">
              <value>
                <![CDATA["DELETE MULTIPLE program Validation"]]>
              </value>
            </param>
          </params>
          <reporter-output>
          </reporter-output>
        </test-method> <!-- runScenario -->
        <test-method signature="runScenario(io.cucumber.testng.PickleWrapper,io.cucumber.testng.FeatureWrapper)[pri:0, instance:lms.Runner.TestRunner$TestNGTestRunner@30f842ca]" started-at="2025-02-24T22:04:23 EST" name="runScenario" description="Runs Cucumber Scenarios" data-provider="scenarios" finished-at="2025-02-24T22:04:27 EST" duration-ms="4295" status="PASS">
          <params>
            <param index="0">
              <value>
                <![CDATA["Validate logout option in the header is visible and enabled from the batch page"]]>
              </value>
            </param>
            <param index="1">
              <value>
                <![CDATA["LogOut of the application from the Batch Page"]]>
              </value>
            </param>
          </params>
          <reporter-output>
          </reporter-output>
        </test-method> <!-- runScenario -->
        <test-method signature="runScenario(io.cucumber.testng.PickleWrapper,io.cucumber.testng.FeatureWrapper)[pri:0, instance:lms.Runner.TestRunner$TestNGTestRunner@30f842ca]" started-at="2025-02-24T22:04:27 EST" name="runScenario" description="Runs Cucumber Scenarios" data-provider="scenarios" finished-at="2025-02-24T22:04:32 EST" duration-ms="4559" status="PASS">
          <params>
            <param index="0">
              <value>
                <![CDATA["Verify logout function"]]>
              </value>
            </param>
            <param index="1">
              <value>
                <![CDATA["Validation on Logout button"]]>
              </value>
            </param>
          </params>
          <reporter-output>
          </reporter-output>
        </test-method> <!-- runScenario -->
        <test-method signature="runScenario(io.cucumber.testng.PickleWrapper,io.cucumber.testng.FeatureWrapper)[pri:0, instance:lms.Runner.TestRunner$TestNGTestRunner@30f842ca]" started-at="2025-02-24T22:04:32 EST" name="runScenario" description="Runs Cucumber Scenarios" data-provider="scenarios" finished-at="2025-02-24T22:04:35 EST" duration-ms="3604" status="FAIL">
          <params>
            <param index="0">
              <value>
                <![CDATA["Verify back button function"]]>
              </value>
            </param>
            <param index="1">
              <value>
                <![CDATA["Validation on Logout button"]]>
              </value>
            </param>
          </params>
          <exception class="java.lang.AssertionError">
            <message>
              <![CDATA[expected [true] but found [false]]]>
            </message>
            <full-stacktrace>
              <![CDATA[java.lang.AssertionError: expected [true] but found [false]
at org.testng.Assert.fail(Assert.java:111)
at org.testng.Assert.failNotEquals(Assert.java:1578)
at org.testng.Assert.assertTrue(Assert.java:57)
at org.testng.Assert.assertTrue(Assert.java:67)
at lms.StepDefinitions.Logout_StepDefinition.admin_should_receive_error_message(Logout_StepDefinition.java:67)
at ✽.Admin should receive error message(file:///Users/uvaraj/eclipse-workspace/Team12_TechRockstars_LMS_UI_Phase2/src/test/resources/Features/30_Logout.feature:18)
]]>
            </full-stacktrace>
          </exception> <!-- java.lang.AssertionError -->
          <reporter-output>
          </reporter-output>
        </test-method> <!-- runScenario -->
        <test-method is-config="true" signature="tearDownClass()[pri:0, instance:lms.Runner.TestRunner$TestNGTestRunner@30f842ca]" started-at="2025-02-24T22:04:35 EST" name="tearDownClass" finished-at="2025-02-24T22:04:54 EST" duration-ms="19061" status="PASS">
          <reporter-output>
          </reporter-output>
        </test-method> <!-- tearDownClass -->
      </class> <!-- lms.Runner.TestRunner$TestNGTestRunner -->
    </test> <!-- Testchrome -->
  </suite> <!-- Suite -->
</testng-results>
